<?xml version="1.0" encoding="UTF-8"?>
<robot generator="Robot 3.0.2 (Python 3.6.0 on win32)" generated="20171125 14:29:52.753">
<suite id="s1" name="Register.Spec" source="D:\58160022\register-robot\test\register.spec.robot">
<test id="s1-t1" name="Check all required fields in registeration form">
<kw name="Open Browser" library="SeleniumLibrary">
<doc>Opens a new browser instance to the given ``url``.</doc>
<arguments>
<arg>http://angsila.cs.buu.ac.th/~wittawas/601/887240/labs/testdemo/index.php/register/doadd</arg>
<arg>chrome</arg>
</arguments>
<msg timestamp="20171125 14:29:52.865" level="INFO">Opening browser 'chrome' to base url 'http://angsila.cs.buu.ac.th/~wittawas/601/887240/labs/testdemo/index.php/register/doadd'.</msg>
<status status="PASS" starttime="20171125 14:29:52.865" endtime="20171125 14:29:56.419"></status>
</kw>
<kw name="Click Element" library="SeleniumLibrary">
<doc>Click element identified by ``locator``.</doc>
<arguments>
<arg>id=btn_submit</arg>
</arguments>
<msg timestamp="20171125 14:29:56.419" level="INFO">Clicking element 'id=btn_submit'.</msg>
<status status="PASS" starttime="20171125 14:29:56.419" endtime="20171125 14:29:56.535"></status>
</kw>
<kw name="Wait Until Page Contains" library="SeleniumLibrary">
<doc>Waits until ``text`` appears on current page.</doc>
<arguments>
<arg>The Email field is required.</arg>
</arguments>
<status status="PASS" starttime="20171125 14:29:56.535" endtime="20171125 14:29:56.560"></status>
</kw>
<kw name="Wait Until Page Contains" library="SeleniumLibrary">
<doc>Waits until ``text`` appears on current page.</doc>
<arguments>
<arg>The Password field is required.</arg>
</arguments>
<status status="PASS" starttime="20171125 14:29:56.560" endtime="20171125 14:29:56.576"></status>
</kw>
<kw name="Wait Until Page Contains" library="SeleniumLibrary">
<doc>Waits until ``text`` appears on current page.</doc>
<arguments>
<arg>The Re-type Password field is required.</arg>
</arguments>
<status status="PASS" starttime="20171125 14:29:56.576" endtime="20171125 14:29:56.591"></status>
</kw>
<kw name="Wait Until Page Contains" library="SeleniumLibrary">
<doc>Waits until ``text`` appears on current page.</doc>
<arguments>
<arg>The Name field is required.</arg>
</arguments>
<status status="PASS" starttime="20171125 14:29:56.592" endtime="20171125 14:29:56.607"></status>
</kw>
<status status="PASS" starttime="20171125 14:29:52.865" endtime="20171125 14:29:56.607" critical="yes"></status>
</test>
<test id="s1-t2" name="Register successfully when input valid data">
<kw name="Open Browser" library="SeleniumLibrary">
<doc>Opens a new browser instance to the given ``url``.</doc>
<arguments>
<arg>http://angsila.cs.buu.ac.th/~wittawas/601/887240/labs/testdemo/index.php/register/doadd</arg>
<arg>chrome</arg>
</arguments>
<msg timestamp="20171125 14:29:56.609" level="INFO">Opening browser 'chrome' to base url 'http://angsila.cs.buu.ac.th/~wittawas/601/887240/labs/testdemo/index.php/register/doadd'.</msg>
<status status="PASS" starttime="20171125 14:29:56.608" endtime="20171125 14:30:00.151"></status>
</kw>
<kw name="Input Text" library="SeleniumLibrary">
<doc>Types the given ``text`` into text field identified by ``locator``.</doc>
<arguments>
<arg>id=email</arg>
<arg>ball2345@gmail.com</arg>
</arguments>
<msg timestamp="20171125 14:30:00.152" level="INFO">Typing text 'ball2345@gmail.com' into text field 'id=email'.</msg>
<status status="PASS" starttime="20171125 14:30:00.152" endtime="20171125 14:30:00.290"></status>
</kw>
<kw name="Input Password" library="SeleniumLibrary">
<doc>Types the given password into text field identified by ``locator``.</doc>
<arguments>
<arg>id=password</arg>
<arg>11111111</arg>
</arguments>
<msg timestamp="20171125 14:30:00.290" level="INFO">Typing password into text field 'id=password'.</msg>
<status status="PASS" starttime="20171125 14:30:00.290" endtime="20171125 14:30:00.365"></status>
</kw>
<kw name="Input Password" library="SeleniumLibrary">
<doc>Types the given password into text field identified by ``locator``.</doc>
<arguments>
<arg>id=repassword</arg>
<arg>11111111</arg>
</arguments>
<msg timestamp="20171125 14:30:00.366" level="INFO">Typing password into text field 'id=repassword'.</msg>
<status status="PASS" starttime="20171125 14:30:00.365" endtime="20171125 14:30:00.442"></status>
</kw>
<kw name="Input Text" library="SeleniumLibrary">
<doc>Types the given ``text`` into text field identified by ``locator``.</doc>
<arguments>
<arg>id=name</arg>
<arg>Ball</arg>
</arguments>
<msg timestamp="20171125 14:30:00.443" level="INFO">Typing text 'Ball' into text field 'id=name'.</msg>
<status status="PASS" starttime="20171125 14:30:00.443" endtime="20171125 14:30:00.521"></status>
</kw>
<kw name="Click Element" library="SeleniumLibrary">
<doc>Click element identified by ``locator``.</doc>
<arguments>
<arg>id=btn_submit</arg>
</arguments>
<msg timestamp="20171125 14:30:00.521" level="INFO">Clicking element 'id=btn_submit'.</msg>
<status status="PASS" starttime="20171125 14:30:00.521" endtime="20171125 14:30:00.687"></status>
</kw>
<kw name="Wait Until Page Contains" library="SeleniumLibrary">
<doc>Waits until ``text`` appears on current page.</doc>
<arguments>
<arg>ball2345@gmail.com</arg>
</arguments>
<status status="PASS" starttime="20171125 14:30:00.687" endtime="20171125 14:30:00.709"></status>
</kw>
<status status="PASS" starttime="20171125 14:29:56.608" endtime="20171125 14:30:00.710" critical="yes"></status>
</test>
<kw name="Close All Browsers" library="SeleniumLibrary" type="teardown">
<doc>Closes all open browsers and resets the browser cache.</doc>
<status status="PASS" starttime="20171125 14:30:00.710" endtime="20171125 14:30:06.812"></status>
</kw>
<status status="PASS" starttime="20171125 14:29:52.753" endtime="20171125 14:30:06.812"></status>
</suite>
<statistics>
<total>
<stat pass="2" fail="0">Critical Tests</stat>
<stat pass="2" fail="0">All Tests</stat>
</total>
<tag>
</tag>
<suite>
<stat pass="2" fail="0" id="s1" name="Register.Spec">Register.Spec</stat>
</suite>
</statistics>
<errors>
</errors>
</robot>
